<?xml version="1.0" encoding="UTF-8"?>
<!-- Generated by org.testng.reporters.JUnitXMLReporter -->
<testsuite hostname="ROHITSOO01" ignored="2" name="Regression2" tests="5" failures="1" timestamp="18 Feb 2019 03:49:57 GMT" time="234.671" errors="0">
  <testcase name="Smoketest2" time="8.029" classname="TestNG_Test.SmokeTest">
    <failure type="java.lang.ArithmeticException" message="/ by zero">
      <![CDATA[java.lang.ArithmeticException: / by zero
at TestNG_Test.SmokeTest.Smoketest2(SmokeTest.java:62)
... Removed 25 stack frames]]>
    </failure>
  </testcase> <!-- Smoketest2 -->
  <testcase name="Smoketest3" time="30.622" classname="TestNG_Test.SmokeTest"/>
  <testcase name="SmokeTest1" time="32.518" classname="TestNG_Test.SmokeTest"/>
  <testcase name="Sanitytest1" time="28.609" classname="TestNG_Test.SanityTest"/>
  <testcase name="Sanitytest3" time="33.007" classname="TestNG_Test.SanityTest"/>
  <testcase name="@AfterSuite teardownsuite" time="0.0" classname="TestNG_Test.BaseTest">
    <ignored/>
  </testcase> <!-- @AfterSuite teardownsuite -->
  <testcase name="@BeforeSuite setupsuite" time="0.0" classname="TestNG_Test.BaseTest">
    <ignored/>
  </testcase> <!-- @BeforeSuite setupsuite -->
</testsuite> <!-- Regression2 -->
